<?xml version="1.0" encoding="UTF-8"?>
<testsuite name="com.generation.WebProject.ItemServiceMySQLTest" tests="1" skipped="0" failures="0" errors="0" timestamp="2022-03-11T02:19:25" hostname="Gareth" time="0.123">
  <properties/>
  <testcase name="saveCallItemsRepositorySave()" classname="com.generation.WebProject.ItemServiceMySQLTest" time="0.123"/>
  <system-out><![CDATA[10:19:16.069 [Test worker] DEBUG org.springframework.test.context.BootstrapUtils - Instantiating CacheAwareContextLoaderDelegate from class [org.springframework.test.context.cache.DefaultCacheAwareContextLoaderDelegate]
10:19:16.085 [Test worker] DEBUG org.springframework.test.context.BootstrapUtils - Instantiating BootstrapContext using constructor [public org.springframework.test.context.support.DefaultBootstrapContext(java.lang.Class,org.springframework.test.context.CacheAwareContextLoaderDelegate)]
10:19:16.113 [Test worker] DEBUG org.springframework.test.context.BootstrapUtils - Instantiating TestContextBootstrapper for test class [com.generation.WebProject.ItemServiceMySQLTest] from class [org.springframework.boot.test.context.SpringBootTestContextBootstrapper]
10:19:16.150 [Test worker] INFO org.springframework.boot.test.context.SpringBootTestContextBootstrapper - Neither @ContextConfiguration nor @ContextHierarchy found for test class [com.generation.WebProject.ItemServiceMySQLTest], using SpringBootContextLoader
10:19:16.161 [Test worker] DEBUG org.springframework.test.context.support.AbstractContextLoader - Did not detect default resource location for test class [com.generation.WebProject.ItemServiceMySQLTest]: class path resource [com/generation/WebProject/ItemServiceMySQLTest-context.xml] does not exist
10:19:16.162 [Test worker] DEBUG org.springframework.test.context.support.AbstractContextLoader - Did not detect default resource location for test class [com.generation.WebProject.ItemServiceMySQLTest]: class path resource [com/generation/WebProject/ItemServiceMySQLTestContext.groovy] does not exist
10:19:16.162 [Test worker] INFO org.springframework.test.context.support.AbstractContextLoader - Could not detect default resource locations for test class [com.generation.WebProject.ItemServiceMySQLTest]: no resource found for suffixes {-context.xml, Context.groovy}.
10:19:16.163 [Test worker] INFO org.springframework.test.context.support.AnnotationConfigContextLoaderUtils - Could not detect default configuration classes for test class [com.generation.WebProject.ItemServiceMySQLTest]: ItemServiceMySQLTest does not declare any static, non-private, non-final, nested classes annotated with @Configuration.
10:19:16.287 [Test worker] DEBUG org.springframework.test.context.support.ActiveProfilesUtils - Could not find an 'annotation declaring class' for annotation type [org.springframework.test.context.ActiveProfiles] and class [com.generation.WebProject.ItemServiceMySQLTest]
10:19:16.392 [Test worker] DEBUG org.springframework.context.annotation.ClassPathScanningCandidateComponentProvider - Identified candidate component class: file [/Users/gareth/Documents/workspace/WebProject/build/classes/java/main/com/generation/WebProject/WebProject01Application.class]
10:19:16.394 [Test worker] INFO org.springframework.boot.test.context.SpringBootTestContextBootstrapper - Found @SpringBootConfiguration com.generation.WebProject.WebProject01Application for test class com.generation.WebProject.ItemServiceMySQLTest
10:19:16.574 [Test worker] DEBUG org.springframework.boot.test.context.SpringBootTestContextBootstrapper - @TestExecutionListeners is not present for class [com.generation.WebProject.ItemServiceMySQLTest]: using defaults.
10:19:16.575 [Test worker] INFO org.springframework.boot.test.context.SpringBootTestContextBootstrapper - Loaded default TestExecutionListener class names from location [META-INF/spring.factories]: [org.springframework.boot.test.autoconfigure.restdocs.RestDocsTestExecutionListener, org.springframework.boot.test.autoconfigure.web.client.MockRestServiceServerResetTestExecutionListener, org.springframework.boot.test.autoconfigure.web.servlet.MockMvcPrintOnlyOnFailureTestExecutionListener, org.springframework.boot.test.autoconfigure.web.servlet.WebDriverTestExecutionListener, org.springframework.boot.test.autoconfigure.webservices.client.MockWebServiceServerTestExecutionListener, org.springframework.boot.test.mock.mockito.MockitoTestExecutionListener, org.springframework.boot.test.mock.mockito.ResetMocksTestExecutionListener, org.springframework.test.context.web.ServletTestExecutionListener, org.springframework.test.context.support.DirtiesContextBeforeModesTestExecutionListener, org.springframework.test.context.event.ApplicationEventsTestExecutionListener, org.springframework.test.context.support.DependencyInjectionTestExecutionListener, org.springframework.test.context.support.DirtiesContextTestExecutionListener, org.springframework.test.context.transaction.TransactionalTestExecutionListener, org.springframework.test.context.jdbc.SqlScriptsTestExecutionListener, org.springframework.test.context.event.EventPublishingTestExecutionListener]
10:19:16.605 [Test worker] INFO org.springframework.boot.test.context.SpringBootTestContextBootstrapper - Using TestExecutionListeners: [org.springframework.test.context.web.ServletTestExecutionListener@4de41af9, org.springframework.test.context.support.DirtiesContextBeforeModesTestExecutionListener@56ace400, org.springframework.test.context.event.ApplicationEventsTestExecutionListener@47404bea, org.springframework.boot.test.mock.mockito.MockitoTestExecutionListener@305f7627, org.springframework.boot.test.autoconfigure.SpringBootDependencyInjectionTestExecutionListener@5d018107, org.springframework.test.context.support.DirtiesContextTestExecutionListener@6cbcf243, org.springframework.test.context.transaction.TransactionalTestExecutionListener@29e6eb25, org.springframework.test.context.jdbc.SqlScriptsTestExecutionListener@62435e70, org.springframework.test.context.event.EventPublishingTestExecutionListener@339bf286, org.springframework.boot.test.autoconfigure.restdocs.RestDocsTestExecutionListener@38be305c, org.springframework.boot.test.autoconfigure.web.client.MockRestServiceServerResetTestExecutionListener@269f4bad, org.springframework.boot.test.autoconfigure.web.servlet.MockMvcPrintOnlyOnFailureTestExecutionListener@5ed731d0, org.springframework.boot.test.autoconfigure.web.servlet.WebDriverTestExecutionListener@3234f74e, org.springframework.boot.test.autoconfigure.webservices.client.MockWebServiceServerTestExecutionListener@7bc10d84, org.springframework.boot.test.mock.mockito.ResetMocksTestExecutionListener@275fe372]

  .   ____          _            __ _ _
 /\\ / ___'_ __ _ _(_)_ __  __ _ \ \ \ \
( ( )\___ | '_ | '_| | '_ \/ _` | \ \ \ \
 \\/  ___)| |_)| | | | | || (_| |  ) ) ) )
  '  |____| .__|_| |_|_| |_\__, | / / / /
 =========|_|==============|___/=/_/_/_/
 :: Spring Boot ::                (v2.6.3)

2022-03-11 10:19:17.093  INFO 15673 --- [    Test worker] c.g.WebProject.ItemServiceMySQLTest      : Starting ItemServiceMySQLTest using Java 17.0.2 on Gareth with PID 15673 (started by gareth in /Users/gareth/Documents/workspace/WebProject)
2022-03-11 10:19:17.095  INFO 15673 --- [    Test worker] c.g.WebProject.ItemServiceMySQLTest      : No active profile set, falling back to default profiles: default
2022-03-11 10:19:18.457  INFO 15673 --- [    Test worker] .s.d.r.c.RepositoryConfigurationDelegate : Bootstrapping Spring Data JPA repositories in DEFAULT mode.
2022-03-11 10:19:18.542  INFO 15673 --- [    Test worker] .s.d.r.c.RepositoryConfigurationDelegate : Finished Spring Data repository scanning in 65 ms. Found 1 JPA repository interfaces.
2022-03-11 10:19:19.425  INFO 15673 --- [    Test worker] com.zaxxer.hikari.HikariDataSource       : HikariPool-1 - Starting...
2022-03-11 10:19:19.946  INFO 15673 --- [    Test worker] com.zaxxer.hikari.HikariDataSource       : HikariPool-1 - Start completed.
2022-03-11 10:19:20.133  INFO 15673 --- [    Test worker] o.hibernate.jpa.internal.util.LogHelper  : HHH000204: Processing PersistenceUnitInfo [name: default]
2022-03-11 10:19:20.533  INFO 15673 --- [    Test worker] org.hibernate.Version                    : HHH000412: Hibernate ORM core version 5.6.4.Final
2022-03-11 10:19:21.159  INFO 15673 --- [    Test worker] o.hibernate.annotations.common.Version   : HCANN000001: Hibernate Commons Annotations {5.1.2.Final}
2022-03-11 10:19:21.407  INFO 15673 --- [    Test worker] org.hibernate.dialect.Dialect            : HHH000400: Using dialect: org.hibernate.dialect.MySQL8Dialect
2022-03-11 10:19:22.393  INFO 15673 --- [    Test worker] o.h.e.t.j.p.i.JtaPlatformInitiator       : HHH000490: Using JtaPlatform implementation: [org.hibernate.engine.transaction.jta.platform.internal.NoJtaPlatform]
2022-03-11 10:19:22.407  INFO 15673 --- [    Test worker] j.LocalContainerEntityManagerFactoryBean : Initialized JPA EntityManagerFactory for persistence unit 'default'
2022-03-11 10:19:22.890  WARN 15673 --- [    Test worker] JpaBaseConfiguration$JpaWebConfiguration : spring.jpa.open-in-view is enabled by default. Therefore, database queries may be performed during view rendering. Explicitly configure spring.jpa.open-in-view to disable this warning
2022-03-11 10:19:23.344  INFO 15673 --- [    Test worker] o.s.s.web.DefaultSecurityFilterChain     : Will secure any request with [org.springframework.security.web.context.request.async.WebAsyncManagerIntegrationFilter@176054b7, org.springframework.security.web.context.SecurityContextPersistenceFilter@6c1a6db1, org.springframework.security.web.header.HeaderWriterFilter@68f75a35, org.springframework.security.web.authentication.logout.LogoutFilter@52dd1be2, org.springframework.security.web.authentication.UsernamePasswordAuthenticationFilter@2ae88712, org.springframework.security.web.savedrequest.RequestCacheAwareFilter@747e8659, org.springframework.security.web.servletapi.SecurityContextHolderAwareRequestFilter@147097ad, org.springframework.security.web.authentication.AnonymousAuthenticationFilter@531bec12, org.springframework.security.web.session.SessionManagementFilter@6054ac20, org.springframework.security.web.access.ExceptionTranslationFilter@61503d00, org.springframework.security.web.access.intercept.FilterSecurityInterceptor@4023d23f]
2022-03-11 10:19:24.005  INFO 15673 --- [    Test worker] o.s.b.a.w.s.WelcomePageHandlerMapping    : Adding welcome page template: index
2022-03-11 10:19:24.491  INFO 15673 --- [    Test worker] c.g.WebProject.ItemServiceMySQLTest      : Started ItemServiceMySQLTest in 7.841 seconds (JVM running for 9.885)
]]></system-out>
  <system-err><![CDATA[]]></system-err>
</testsuite>
